{
  "RSpec": {
    "coverage": {
      "/Users/cooper/code/wishlist/app/models/user.rb": [
        1,
        null,
        null,
        null,
        1,
        null,
        null,
        null,
        1,
        null,
        null,
        1,
        1,
        null
      ],
      "/Users/cooper/code/wishlist/app/controllers/application_controller.rb": [
        1,
        1,
        null
      ],
      "/Users/cooper/code/wishlist/app/helpers/application_helper.rb": [
        1,
        null
      ],
      "/Users/cooper/code/wishlist/app/helpers/home_helper.rb": [
        1,
        null
      ],
      "/Users/cooper/code/wishlist/app/helpers/products_helper.rb": [
        1,
        null
      ],
      "/Users/cooper/code/wishlist/app/controllers/home_controller.rb": [
        1,
        1,
        null,
        null,
        1,
        null,
        null
      ],
      "/Users/cooper/code/wishlist/app/controllers/products_controller.rb": [
        1,
        1,
        null,
        1,
        0,
        null,
        null,
        1,
        0,
        null,
        null,
        1,
        0,
        null,
        null,
        1,
        0,
        null,
        null,
        1,
        0,
        null,
        null
      ],
      "/Users/cooper/code/wishlist/app/models/product.rb": [
        1,
        1,
        null,
        1,
        null,
        1,
        1,
        1,
        null
      ]
    },
    "timestamp": 1339929025
  }
}
